20210604 08:43:46 INFO  [main] ims.IMS IMS.java56 - Welcome to the Inventory Management System!
20210604 08:43:46 INFO  [main] ims.IMS IMS.java61 - Which entity would you like to use?
20210604 08:43:46 INFO  [main] domain.Domain Domain.java27 - CUSTOMER: Information about customers
20210604 08:43:46 INFO  [main] domain.Domain Domain.java27 - ITEM: Individual Items
20210604 08:43:46 INFO  [main] domain.Domain Domain.java27 - ORDER: Purchases of items
20210604 08:43:46 INFO  [main] domain.Domain Domain.java27 - STOP: To close the application
20210604 08:43:51 INFO  [main] ims.IMS IMS.java93 - What would you like to do with customer:
20210604 08:43:51 INFO  [main] controller.Action Action.java38 - CREATE: To save a new entity into the database
20210604 08:43:51 INFO  [main] controller.Action Action.java38 - READ: To read an entity from the database
20210604 08:43:51 INFO  [main] controller.Action Action.java38 - UPDATE: To change an entity already in the database
20210604 08:43:51 INFO  [main] controller.Action Action.java38 - DELETE: To remove an entity from the database
20210604 08:43:51 INFO  [main] controller.Action Action.java38 - RETURN: To return to domain selection
20210604 08:43:56 INFO  [main] controller.CustomerController CustomerController.java36 - id:2 first name:David surname:Alan
20210604 08:43:56 INFO  [main] controller.CustomerController CustomerController.java36 - id:3 first name:Edwards surname:Reylonds
20210604 08:43:56 INFO  [main] controller.CustomerController CustomerController.java36 - id:4 first name:John surname:Hennry
20210604 08:43:56 INFO  [main] controller.CustomerController CustomerController.java36 - id:5 first name:Tom surname:John
20210604 08:43:56 INFO  [main] controller.CustomerController CustomerController.java36 - id:6 first name:Venny surname:beeram
20210604 08:43:56 INFO  [main] controller.CustomerController CustomerController.java36 - id:7 first name:Harshit surname:beeram
20210604 08:43:56 INFO  [main] controller.CustomerController CustomerController.java36 - id:8 first name:Sudiksha surname:beeram
20210604 08:43:56 INFO  [main] controller.CustomerController CustomerController.java36 - id:10 first name:Ramchandra surname:Beeram
20210604 08:43:56 INFO  [main] ims.IMS IMS.java93 - What would you like to do with customer:
20210604 08:43:56 INFO  [main] controller.Action Action.java38 - CREATE: To save a new entity into the database
20210604 08:43:56 INFO  [main] controller.Action Action.java38 - READ: To read an entity from the database
20210604 08:43:56 INFO  [main] controller.Action Action.java38 - UPDATE: To change an entity already in the database
20210604 08:43:56 INFO  [main] controller.Action Action.java38 - DELETE: To remove an entity from the database
20210604 08:43:56 INFO  [main] controller.Action Action.java38 - RETURN: To return to domain selection
20210604 08:44:01 INFO  [main] ims.IMS IMS.java61 - Which entity would you like to use?
20210604 08:44:01 INFO  [main] domain.Domain Domain.java27 - CUSTOMER: Information about customers
20210604 08:44:01 INFO  [main] domain.Domain Domain.java27 - ITEM: Individual Items
20210604 08:44:01 INFO  [main] domain.Domain Domain.java27 - ORDER: Purchases of items
20210604 08:44:01 INFO  [main] domain.Domain Domain.java27 - STOP: To close the application
20210604 08:44:04 INFO  [main] ims.IMS IMS.java93 - What would you like to do with item:
20210604 08:44:04 INFO  [main] controller.Action Action.java38 - CREATE: To save a new entity into the database
20210604 08:44:04 INFO  [main] controller.Action Action.java38 - READ: To read an entity from the database
20210604 08:44:04 INFO  [main] controller.Action Action.java38 - UPDATE: To change an entity already in the database
20210604 08:44:04 INFO  [main] controller.Action Action.java38 - DELETE: To remove an entity from the database
20210604 08:44:04 INFO  [main] controller.Action Action.java38 - RETURN: To return to domain selection
20210604 08:44:07 INFO  [main] controller.ItemController ItemController.java36 - id:1 item name:phone value:500.0
20210604 08:44:07 INFO  [main] controller.ItemController ItemController.java36 - id:2 item name:Wallet value:100.0
20210604 08:44:07 INFO  [main] controller.ItemController ItemController.java36 - id:3 item name:Laptop value:1000.25
20210604 08:44:07 INFO  [main] controller.ItemController ItemController.java36 - id:4 item name:Mouse value:10.0
20210604 08:44:07 INFO  [main] controller.ItemController ItemController.java36 - id:6 item name:Headset value:80.0
20210604 08:44:07 INFO  [main] controller.ItemController ItemController.java36 - id:7 item name:Chair value:45.5
20210604 08:44:07 INFO  [main] controller.ItemController ItemController.java36 - id:8 item name:Table value:25.0
20210604 08:44:07 INFO  [main] ims.IMS IMS.java93 - What would you like to do with item:
20210604 08:44:07 INFO  [main] controller.Action Action.java38 - CREATE: To save a new entity into the database
20210604 08:44:07 INFO  [main] controller.Action Action.java38 - READ: To read an entity from the database
20210604 08:44:07 INFO  [main] controller.Action Action.java38 - UPDATE: To change an entity already in the database
20210604 08:44:07 INFO  [main] controller.Action Action.java38 - DELETE: To remove an entity from the database
20210604 08:44:07 INFO  [main] controller.Action Action.java38 - RETURN: To return to domain selection
20210604 08:44:12 INFO  [main] ims.IMS IMS.java61 - Which entity would you like to use?
20210604 08:44:12 INFO  [main] domain.Domain Domain.java27 - CUSTOMER: Information about customers
20210604 08:44:12 INFO  [main] domain.Domain Domain.java27 - ITEM: Individual Items
20210604 08:44:12 INFO  [main] domain.Domain Domain.java27 - ORDER: Purchases of items
20210604 08:44:12 INFO  [main] domain.Domain Domain.java27 - STOP: To close the application
20210604 08:44:16 INFO  [main] ims.IMS IMS.java93 - What would you like to do with item:
20210604 08:44:16 INFO  [main] controller.Action Action.java38 - CREATE: To save a new entity into the database
20210604 08:44:16 INFO  [main] controller.Action Action.java38 - READ: To read an entity from the database
20210604 08:44:16 INFO  [main] controller.Action Action.java38 - UPDATE: To change an entity already in the database
20210604 08:44:16 INFO  [main] controller.Action Action.java38 - DELETE: To remove an entity from the database
20210604 08:44:16 INFO  [main] controller.Action Action.java38 - RETURN: To return to domain selection
20210604 08:44:19 INFO  [main] controller.ItemController ItemController.java36 - id:1 item name:phone value:500.0
20210604 08:44:19 INFO  [main] controller.ItemController ItemController.java36 - id:2 item name:Wallet value:100.0
20210604 08:44:19 INFO  [main] controller.ItemController ItemController.java36 - id:3 item name:Laptop value:1000.25
20210604 08:44:19 INFO  [main] controller.ItemController ItemController.java36 - id:4 item name:Mouse value:10.0
20210604 08:44:19 INFO  [main] controller.ItemController ItemController.java36 - id:6 item name:Headset value:80.0
20210604 08:44:19 INFO  [main] controller.ItemController ItemController.java36 - id:7 item name:Chair value:45.5
20210604 08:44:19 INFO  [main] controller.ItemController ItemController.java36 - id:8 item name:Table value:25.0
20210604 08:44:19 INFO  [main] ims.IMS IMS.java93 - What would you like to do with item:
20210604 08:44:19 INFO  [main] controller.Action Action.java38 - CREATE: To save a new entity into the database
20210604 08:44:19 INFO  [main] controller.Action Action.java38 - READ: To read an entity from the database
20210604 08:44:19 INFO  [main] controller.Action Action.java38 - UPDATE: To change an entity already in the database
20210604 08:44:19 INFO  [main] controller.Action Action.java38 - DELETE: To remove an entity from the database
20210604 08:44:19 INFO  [main] controller.Action Action.java38 - RETURN: To return to domain selection
